{"C:\\Users\\Hyung Jin Kim\\OneDrive\\Desktop\\epicodus\\spaceage\\Spaceage\\src\\mercury.js": {"path":"C:\\Users\\Hyung Jin Kim\\OneDrive\\Desktop\\epicodus\\spaceage\\Spaceage\\src\\mercury.js","statementMap":{"0":{"start":{"line":3,"column":4},"end":{"line":3,"column":29}},"1":{"start":{"line":4,"column":4},"end":{"line":4,"column":40}},"2":{"start":{"line":5,"column":4},"end":{"line":5,"column":42}},"3":{"start":{"line":9,"column":18},"end":{"line":9,"column":36}},"4":{"start":{"line":10,"column":4},"end":{"line":10,"column":53}},"5":{"start":{"line":12,"column":23},"end":{"line":12,"column":40}},"6":{"start":{"line":13,"column":4},"end":{"line":13,"column":63}},"7":{"start":{"line":15,"column":24},"end":{"line":15,"column":42}},"8":{"start":{"line":16,"column":4},"end":{"line":16,"column":65}},"9":{"start":{"line":20,"column":16},"end":{"line":20,"column":33}},"10":{"start":{"line":21,"column":4},"end":{"line":21,"column":49}},"11":{"start":{"line":23,"column":21},"end":{"line":23,"column":38}},"12":{"start":{"line":24,"column":4},"end":{"line":24,"column":59}},"13":{"start":{"line":26,"column":22},"end":{"line":26,"column":40}},"14":{"start":{"line":27,"column":4},"end":{"line":27,"column":61}},"15":{"start":{"line":31,"column":15},"end":{"line":31,"column":33}},"16":{"start":{"line":32,"column":4},"end":{"line":32,"column":47}},"17":{"start":{"line":34,"column":20},"end":{"line":34,"column":38}},"18":{"start":{"line":35,"column":4},"end":{"line":35,"column":57}},"19":{"start":{"line":37,"column":21},"end":{"line":37,"column":40}},"20":{"start":{"line":38,"column":4},"end":{"line":38,"column":59}},"21":{"start":{"line":42,"column":18},"end":{"line":42,"column":37}},"22":{"start":{"line":43,"column":4},"end":{"line":43,"column":53}},"23":{"start":{"line":45,"column":23},"end":{"line":45,"column":42}},"24":{"start":{"line":46,"column":4},"end":{"line":46,"column":63}},"25":{"start":{"line":48,"column":24},"end":{"line":48,"column":44}},"26":{"start":{"line":49,"column":4},"end":{"line":49,"column":65}}},"fnMap":{"0":{"name":"(anonymous_0)","decl":{"start":{"line":2,"column":2},"end":{"line":2,"column":3}},"loc":{"start":{"line":2,"column":45},"end":{"line":6,"column":3}},"line":2},"1":{"name":"(anonymous_1)","decl":{"start":{"line":8,"column":2},"end":{"line":8,"column":3}},"loc":{"start":{"line":8,"column":16},"end":{"line":17,"column":3}},"line":8},"2":{"name":"(anonymous_2)","decl":{"start":{"line":19,"column":2},"end":{"line":19,"column":3}},"loc":{"start":{"line":19,"column":14},"end":{"line":28,"column":3}},"line":19},"3":{"name":"(anonymous_3)","decl":{"start":{"line":30,"column":2},"end":{"line":30,"column":3}},"loc":{"start":{"line":30,"column":13},"end":{"line":39,"column":3}},"line":30},"4":{"name":"(anonymous_4)","decl":{"start":{"line":41,"column":2},"end":{"line":41,"column":3}},"loc":{"start":{"line":41,"column":16},"end":{"line":50,"column":3}},"line":41}},"branchMap":{},"s":{"0":15,"1":15,"2":15,"3":3,"4":3,"5":3,"6":3,"7":3,"8":3,"9":3,"10":3,"11":3,"12":3,"13":3,"14":3,"15":3,"16":3,"17":3,"18":3,"19":3,"20":3,"21":3,"22":3,"23":3,"24":3,"25":3,"26":3},"f":{"0":15,"1":3,"2":3,"3":3,"4":3},"b":{},"_coverageSchema":"43e27e138ebf9cfc5966b082cf9a028302ed4184","hash":"b9080cdb1d3f8eaebcab221cdbb39b93dddb6877"}
}
