TN:
SF:C:\Users\Hyung Jin Kim\OneDrive\Desktop\epicodus\spaceage\Spaceage\src\mercury.js
FN:2,(anonymous_0)
FN:8,(anonymous_1)
FN:19,(anonymous_2)
FN:30,(anonymous_3)
FN:41,(anonymous_4)
FNF:5
FNH:5
FNDA:15,(anonymous_0)
FNDA:3,(anonymous_1)
FNDA:3,(anonymous_2)
FNDA:3,(anonymous_3)
FNDA:3,(anonymous_4)
DA:3,15
DA:4,15
DA:5,15
DA:9,3
DA:10,3
DA:12,3
DA:13,3
DA:15,3
DA:16,3
DA:20,3
DA:21,3
DA:23,3
DA:24,3
DA:26,3
DA:27,3
DA:31,3
DA:32,3
DA:34,3
DA:35,3
DA:37,3
DA:38,3
DA:42,3
DA:43,3
DA:45,3
DA:46,3
DA:48,3
DA:49,3
LF:27
LH:27
BRF:0
BRH:0
end_of_record
